<component name="libraryTable">
  <library name="junit">
    <CLASSES>
      <root url="file://F:/Learning.JSE.JEE.16/Soft/Java Lib/junit" />
    </CLASSES>
    <JAVADOC />
    <SOURCES />
    <jarDirectory url="file://F:/Learning.JSE.JEE.16/Soft/Java Lib/junit" recursive="false" />
  </library>
</component>